\BOOKMARK [0][-]{chapter.1}{\376\377\000D\000e\000d\000i\000c\000a\000t\000o\000r\000i\000a}{}% 1
\BOOKMARK [0][-]{chapter.2}{\376\377\000A\000g\000r\000a\000d\000e\000c\000i\000m\000i\000e\000n\000t\000o\000s}{}% 2
\BOOKMARK [0][-]{chapter.3}{\376\377\000R\000e\000s\000u\000m\000e\000n}{}% 3
\BOOKMARK [0][-]{chapter.4}{\376\377\000A\000b\000s\000t\000r\000a\000c\000t}{}% 4
\BOOKMARK [0][-]{chapter*.4}{\376\377\000C\000o\000n\000t\000e\000n\000t\000s}{}% 5
\BOOKMARK [0][-]{chapter*.5}{\376\377\000L\000i\000s\000t\000\040\000o\000f\000\040\000T\000a\000b\000l\000e\000s}{}% 6
\BOOKMARK [0][-]{chapter*.6}{\376\377\000L\000i\000s\000t\000\040\000o\000f\000\040\000F\000i\000g\000u\000r\000e\000s}{}% 7
\BOOKMARK [0][-]{chapter.5}{\376\377\000I\000n\000t\000r\000o\000d\000u\000c\000c\000i\000\363\000n}{}% 8
\BOOKMARK [1][-]{section.5.1}{\376\377\000C\000o\000n\000t\000e\000x\000t\000o\000\040\000d\000e\000l\000\040\000p\000r\000o\000b\000l\000e\000m\000a}{chapter.5}% 9
\BOOKMARK [1][-]{section.5.2}{\376\377\000M\000o\000t\000i\000v\000a\000c\000i\000\363\000n}{chapter.5}% 10
\BOOKMARK [1][-]{section.5.3}{\376\377\000P\000l\000a\000n\000t\000e\000a\000m\000i\000e\000n\000t\000o\000\040\000d\000e\000l\000\040\000p\000r\000o\000b\000l\000e\000m\000a}{chapter.5}% 11
\BOOKMARK [1][-]{section.5.4}{\376\377\000O\000b\000j\000e\000t\000i\000v\000o\000\040\000g\000e\000n\000e\000r\000a\000l}{chapter.5}% 12
\BOOKMARK [1][-]{section.5.5}{\376\377\000O\000b\000j\000e\000t\000i\000v\000o\000s\000\040\000e\000s\000p\000e\000c\000\355\000f\000i\000c\000o\000s}{chapter.5}% 13
\BOOKMARK [1][-]{section.5.6}{\376\377\000J\000u\000s\000t\000i\000f\000i\000c\000a\000c\000i\000\363\000n}{chapter.5}% 14
\BOOKMARK [1][-]{section.5.7}{\376\377\000A\000l\000c\000a\000n\000c\000e\000\040\000y\000\040\000l\000i\000m\000i\000t\000a\000c\000i\000o\000n\000e\000s}{chapter.5}% 15
\BOOKMARK [0][-]{chapter.6}{\376\377\000M\000a\000r\000c\000o\000\040\000T\000e\000\363\000r\000i\000c\000o}{}% 16
\BOOKMARK [1][-]{section.6.1}{\376\377\000C\000o\000n\000c\000e\000p\000t\000o\000s\000\040\000d\000e\000\040\000T\000r\000\341\000n\000s\000i\000t\000o\000\040\000V\000e\000h\000i\000c\000u\000l\000a\000r}{chapter.6}% 17
\BOOKMARK [1][-]{section.6.2}{\376\377\000S\000U\000M\000O\000:\000\040\000C\000a\000r\000a\000c\000t\000e\000r\000\355\000s\000t\000i\000c\000a\000s\000\040\000y\000\040\000A\000r\000q\000u\000i\000t\000e\000c\000t\000u\000r\000a}{chapter.6}% 18
\BOOKMARK [1][-]{section.6.3}{\376\377\000F\000u\000n\000d\000a\000m\000e\000n\000t\000o\000s\000\040\000d\000e\000\040\000A\000p\000r\000e\000n\000d\000i\000z\000a\000j\000e\000\040\000p\000o\000r\000\040\000R\000e\000f\000u\000e\000r\000z\000o\000\040\000\050\000R\000L\000\051}{chapter.6}% 19
\BOOKMARK [1][-]{section.6.4}{\376\377\000D\000e\000e\000p\000\040\000R\000e\000i\000n\000f\000o\000r\000c\000e\000m\000e\000n\000t\000\040\000L\000e\000a\000r\000n\000i\000n\000g\000\040\000y\000\040\000P\000P\000O}{chapter.6}% 20
\BOOKMARK [0][-]{chapter.7}{\376\377\000T\000r\000a\000b\000a\000j\000o\000s\000\040\000R\000e\000l\000a\000c\000i\000o\000n\000a\000d\000o\000s}{}% 21
\BOOKMARK [1][-]{section.7.1}{\376\377\000R\000e\000v\000i\000s\000i\000o\000n\000e\000s\000\040\000y\000\040\000b\000a\000s\000e\000s\000\040\000c\000o\000m\000p\000a\000r\000a\000t\000i\000v\000a\000s}{chapter.7}% 22
\BOOKMARK [1][-]{section.7.2}{\376\377\000C\000o\000n\000t\000r\000o\000l\000\040\000c\000o\000o\000p\000e\000r\000a\000t\000i\000v\000o\000\040\000y\000\040\000e\000s\000c\000a\000l\000a\000b\000l\000e}{chapter.7}% 23
\BOOKMARK [1][-]{section.7.3}{\376\377\000T\000e\000n\000d\000e\000n\000c\000i\000a\000s\000\040\000r\000e\000c\000i\000e\000n\000t\000e\000s}{chapter.7}% 24
\BOOKMARK [1][-]{section.7.4}{\376\377\000T\000r\000a\000b\000a\000j\000o\000s\000\040\000a\000d\000i\000c\000i\000o\000n\000a\000l\000e\000s\000\040\000c\000o\000n\000s\000i\000d\000e\000r\000a\000d\000o\000s}{chapter.7}% 25
\BOOKMARK [0][-]{chapter.8}{\376\377\000M\000e\000t\000o\000d\000o\000l\000o\000g\000\355\000a}{}% 26
\BOOKMARK [1][-]{section.8.1}{\376\377\000V\000i\000s\000i\000\363\000n\000\040\000G\000e\000n\000e\000r\000a\000l\000\040\000d\000e\000\040\000l\000a\000\040\000M\000e\000t\000o\000d\000o\000l\000o\000g\000\355\000a}{chapter.8}% 27
\BOOKMARK [1][-]{section.8.2}{\376\377\000D\000i\000s\000e\000\361\000o\000\040\000d\000e\000l\000\040\000c\000r\000u\000c\000e\000\040\000e\000s\000t\000u\000d\000i\000a\000d\000o}{chapter.8}% 28
\BOOKMARK [1][-]{section.8.3}{\376\377\000M\000o\000d\000e\000l\000a\000d\000o\000\040\000y\000\040\000c\000o\000n\000f\000i\000g\000u\000r\000a\000c\000i\000\363\000n\000\040\000d\000e\000\040\000S\000U\000M\000O}{chapter.8}% 29
\BOOKMARK [1][-]{section.8.4}{\376\377\000F\000o\000r\000m\000u\000l\000a\000c\000i\000\363\000n\000\040\000d\000e\000l\000\040\000e\000n\000t\000o\000r\000n\000o\000\040\000R\000L}{chapter.8}% 30
\BOOKMARK [1][-]{section.8.5}{\376\377\000A\000r\000q\000u\000i\000t\000e\000c\000t\000u\000r\000a\000\040\000y\000\040\000c\000o\000n\000f\000i\000g\000u\000r\000a\000c\000i\000\363\000n\000\040\000d\000e\000l\000\040\000a\000l\000g\000o\000r\000i\000t\000m\000o\000\040\000P\000P\000O}{chapter.8}% 31
\BOOKMARK [1][-]{section.8.6}{\376\377\000F\000l\000u\000j\000o\000\040\000d\000e\000\040\000e\000n\000t\000r\000e\000n\000a\000m\000i\000e\000n\000t\000o\000\040\000y\000\040\000s\000i\000m\000u\000l\000a\000c\000i\000\363\000n}{chapter.8}% 32
\BOOKMARK [0][-]{chapter.9}{\376\377\000R\000e\000s\000u\000l\000t\000a\000d\000o\000s\000\040\000y\000\040\000D\000i\000s\000c\000u\000s\000i\000\363\000n}{}% 33
\BOOKMARK [1][-]{section.9.1}{\376\377\000P\000a\000r\000\341\000m\000e\000t\000r\000o\000s\000\040\000d\000e\000\040\000e\000x\000p\000e\000r\000i\000m\000e\000n\000t\000a\000c\000i\000\363\000n}{chapter.9}% 34
\BOOKMARK [1][-]{section.9.2}{\376\377\000E\000v\000a\000l\000u\000a\000c\000i\000\363\000n\000\040\000C\000o\000m\000p\000a\000r\000a\000t\000i\000v\000a\000\040\000d\000e\000l\000\040\000D\000e\000s\000e\000m\000p\000e\000\361\000o}{chapter.9}% 35
\BOOKMARK [1][-]{section.9.3}{\376\377\000A\000n\000\341\000l\000i\000s\000i\000s\000\040\000d\000e\000\040\000E\000s\000t\000a\000b\000i\000l\000i\000d\000a\000d\000\040\000y\000\040\000C\000o\000l\000a\000s}{chapter.9}% 36
\BOOKMARK [1][-]{section.9.4}{\376\377\000E\000v\000o\000l\000u\000c\000i\000\363\000n\000\040\000d\000e\000l\000\040\000A\000p\000r\000e\000n\000d\000i\000z\000a\000j\000e}{chapter.9}% 37
\BOOKMARK [1][-]{section.9.5}{\376\377\000D\000i\000s\000c\000u\000s\000i\000\363\000n\000\040\000d\000e\000\040\000r\000e\000s\000u\000l\000t\000a\000d\000o\000s}{chapter.9}% 38
\BOOKMARK [1][-]{section.9.6}{\376\377\000C\000o\000m\000p\000a\000r\000a\000c\000i\000\363\000n\000\040\000c\000o\000n\000\040\000m\000\351\000t\000o\000d\000o\000s\000\040\000t\000r\000a\000d\000i\000c\000i\000o\000n\000a\000l\000e\000s}{chapter.9}% 39
\BOOKMARK [1][-]{section.9.7}{\376\377\000V\000a\000l\000i\000d\000a\000c\000i\000\363\000n\000\040\000e\000s\000t\000a\000d\000\355\000s\000t\000i\000c\000a}{chapter.9}% 40
\BOOKMARK [1][-]{section.9.8}{\376\377\000R\000o\000b\000u\000s\000t\000e\000z\000\040\000a\000n\000t\000e\000\040\000v\000a\000r\000i\000a\000c\000i\000o\000n\000e\000s\000\040\000d\000e\000\040\000t\000r\000\341\000f\000i\000c\000o}{chapter.9}% 41
\BOOKMARK [1][-]{section.9.9}{\376\377\000E\000n\000t\000o\000r\000n\000o\000\040\000d\000e\000\040\000I\000m\000p\000l\000e\000m\000e\000n\000t\000a\000c\000i\000\363\000n}{chapter.9}% 42
\BOOKMARK [1][-]{section.9.10}{\376\377\000D\000e\000s\000e\000m\000p\000e\000\361\000o\000\040\000b\000a\000j\000o\000\040\000S\000a\000t\000u\000r\000a\000c\000i\000\363\000n\000\040\000C\000r\000\355\000t\000i\000c\000a\000\040\000\050\0002\0000\0000\0000\000\040\000v\000e\000h\000/\000h\000\051}{chapter.9}% 43
\BOOKMARK [1][-]{section.9.11}{\376\377\000A\000n\000\341\000l\000i\000s\000i\000s\000\040\000d\000e\000\040\000s\000e\000n\000s\000i\000b\000i\000l\000i\000d\000a\000d\000\040\000d\000e\000l\000\040\000r\000e\000w\000a\000r\000d}{chapter.9}% 44
\BOOKMARK [0][-]{chapter.10}{\376\377\000C\000o\000n\000c\000l\000u\000s\000i\000o\000n\000e\000s\000\040\000y\000\040\000T\000r\000a\000b\000a\000j\000o\000\040\000F\000u\000t\000u\000r\000o}{}% 45
\BOOKMARK [1][-]{section.10.1}{\376\377\000C\000o\000n\000c\000l\000u\000s\000i\000o\000n\000e\000s\000\040\000g\000e\000n\000e\000r\000a\000l\000e\000s}{chapter.10}% 46
\BOOKMARK [1][-]{section.10.2}{\376\377\000L\000i\000m\000i\000t\000a\000c\000i\000o\000n\000e\000s}{chapter.10}% 47
\BOOKMARK [1][-]{section.10.3}{\376\377\000P\000r\000o\000p\000u\000e\000s\000t\000a\000s\000\040\000d\000e\000\040\000t\000r\000a\000b\000a\000j\000o\000\040\000f\000u\000t\000u\000r\000o}{chapter.10}% 48
\BOOKMARK [0][-]{chapter*.25}{\376\377\000B\000i\000b\000l\000i\000o\000g\000r\000a\000p\000h\000y}{}% 49
\BOOKMARK [0][-]{section*.26}{\376\377\000A\000p\000p\000e\000n\000d\000i\000c\000e\000s}{}% 50
\BOOKMARK [0][-]{appendix.A}{\376\377\000A\000n\000e\000x\000o\000s}{}% 51
\BOOKMARK [1][-]{section.A.1}{\376\377\000R\000e\000p\000o\000s\000i\000t\000o\000r\000i\000o\000\040\000d\000e\000\040\000C\000\363\000d\000i\000g\000o}{appendix.A}% 52
\BOOKMARK [1][-]{section.A.2}{\376\377\000E\000s\000t\000r\000u\000c\000t\000u\000r\000a\000\040\000d\000e\000l\000\040\000P\000r\000o\000y\000e\000c\000t\000o}{appendix.A}% 53
